2022-09-07T07:34:42+00:00 CRITICAL Uncaught Exception: Invalid post. in C:\Bitnami\wordpress-6.0.1-0\apache2\htdocs\ecommerce\wp-content\plugins\elementor\core\settings\page\manager.php:101
Stack trace:
#0 C:\Bitnami\wordpress-6.0.1-0\apache2\htdocs\ecommerce\wp-content\plugins\elementor\core\base\document.php(1612): Elementor\Core\Settings\Page\Manager->ajax_before_save_settings()
#1 C:\Bitnami\wordpress-6.0.1-0\apache2\htdocs\ecommerce\wp-content\plugins\elementor\core\base\document.php(789): Elementor\Core\Base\Document->save_settings()
#2 C:\Bitnami\wordpress-6.0.1-0\apache2\htdocs\ecommerce\wp-content\plugins\elementor\core\kits\manager.php(262): Elementor\Core\Base\Document->update_settings()
#3 C:\Bitnami\wordpress-6.0.1-0\apache2\htdocs\ecommerce\wp-content\plugins\elementor\core\kits\manager.php(420): Elementor\Core\Kits\Manager->update_kit_settings_based_on_option()
#4 C:\Bitnami\wordpress-6.0.1-0\apache2\htdocs\ecommerce\wp-includes\class-wp-hook.php(309): Elementor\Core\Kits\Manager->Elementor\Core\Kits\{closure}()
#5 C:\Bitnami\wordpress-6.0.1-0\apache2\htdocs\ecommerce\wp-includes\class-wp-hook.php(331): WP_Hook->apply_filters()
#6 C:\Bitnami\wordpress-6.0.1-0\apache2\htdocs\ecommerce\wp-includes\plugin.php(476): WP_Hook->do_action()
#7 C:\Bitnami\wordpress-6.0.1-0\apache2\htdocs\ecommerce\wp-includes\option.php(530): do_action()
#8 C:\Bitnami\wordpress-6.0.1-0\apache2\htdocs\ecommerce\wp-includes\class-wp-customize-setting.php(658): update_option()
#9 C:\Bitnami\wordpress-6.0.1-0\apache2\htdocs\ecommerce\wp-includes\class-wp-customize-setting.php(684): WP_Customize_Setting->set_root_value()
#10 C:\Bitnami\wordpress-6.0.1-0\apache2\htdocs\ecommerce\wp-includes\class-wp-customize-setting.php(540): WP_Customize_Setting->update()
#11 C:\Bitnami\wordpress-6.0.1-0\apache2\htdocs\ecommerce\wp-includes\class-wp-customize-manager.php(3571): WP_Customize_Setting->save()
#12 C:\Bitnami\wordpress-6.0.1-0\apache2\htdocs\ecommerce\wp-includes\theme.php(3555): WP_Customize_Manager->_publish_changeset_values()
#13 C:\Bitnami\wordpress-6.0.1-0\apache2\htdocs\ecommerce\wp-includes\class-wp-hook.php(307): _wp_customize_publish_changeset()
#14 C:\Bitnami\wordpress-6.0.1-0\apache2\htdocs\ecommerce\wp-includes\class-wp-hook.php(331): WP_Hook->apply_filters()
#15 C:\Bitnami\wordpress-6.0.1-0\apache2\htdocs\ecommerce\wp-includes\plugin.php(476): WP_Hook->do_action()
#16 C:\Bitnami\wordpress-6.0.1-0\apache2\htdocs\ecommerce\wp-includes\post.php(5303): do_action()
#17 C:\Bitnami\wordpress-6.0.1-0\apache2\htdocs\ecommerce\wp-includes\post.php(4563): wp_transition_post_status()
#18 C:\Bitnami\wordpress-6.0.1-0\apache2\htdocs\ecommerce\wp-includes\post.php(4775): wp_insert_post()
#19 C:\Bitnami\wordpress-6.0.1-0\apache2\htdocs\ecommerce\wp-includes\class-wp-customize-manager.php(2964): wp_update_post()
#20 C:\Bitnami\wordpress-6.0.1-0\apache2\htdocs\ecommerce\wp-includes\class-wp-customize-manager.php(2526): WP_Customize_Manager->save_changeset_post()
#21 C:\Bitnami\wordpress-6.0.1-0\apache2\htdocs\ecommerce\wp-includes\class-wp-hook.php(307): WP_Customize_Manager->save()
#22 C:\Bitnami\wordpress-6.0.1-0\apache2\htdocs\ecommerce\wp-includes\class-wp-hook.php(331): WP_Hook->apply_filters()
#23 C:\Bitnami\wordpress-6.0.1-0\apache2\htdocs\ecommerce\wp-includes\plugin.php(476): WP_Hook->do_action()
#24 C:\Bitnami\wordpress-6.0.1-0\apache2\htdocs\ecommerce\wp-admin\admin-ajax.php(187): do_action()
#25 {main}
  thrown in C:\Bitnami\wordpress-6.0.1-0\apache2\htdocs\ecommerce\wp-content\plugins\elementor\core\settings\page\manager.php on line 101

2022-09-07T08:21:18+00:00 CRITICAL Uncaught Exception: Invalid post. in C:\Bitnami\wordpress-6.0.1-0\apache2\htdocs\ecommerce\wp-content\plugins\elementor\core\settings\page\manager.php:101
Stack trace:
#0 C:\Bitnami\wordpress-6.0.1-0\apache2\htdocs\ecommerce\wp-content\plugins\elementor\core\base\document.php(1612): Elementor\Core\Settings\Page\Manager->ajax_before_save_settings()
#1 C:\Bitnami\wordpress-6.0.1-0\apache2\htdocs\ecommerce\wp-content\plugins\elementor\core\base\document.php(789): Elementor\Core\Base\Document->save_settings()
#2 C:\Bitnami\wordpress-6.0.1-0\apache2\htdocs\ecommerce\wp-content\plugins\elementor\core\kits\manager.php(262): Elementor\Core\Base\Document->update_settings()
#3 C:\Bitnami\wordpress-6.0.1-0\apache2\htdocs\ecommerce\wp-content\plugins\elementor\core\kits\manager.php(424): Elementor\Core\Kits\Manager->update_kit_settings_based_on_option()
#4 C:\Bitnami\wordpress-6.0.1-0\apache2\htdocs\ecommerce\wp-includes\class-wp-hook.php(309): Elementor\Core\Kits\Manager->Elementor\Core\Kits\{closure}()
#5 C:\Bitnami\wordpress-6.0.1-0\apache2\htdocs\ecommerce\wp-includes\class-wp-hook.php(331): WP_Hook->apply_filters()
#6 C:\Bitnami\wordpress-6.0.1-0\apache2\htdocs\ecommerce\wp-includes\plugin.php(476): WP_Hook->do_action()
#7 C:\Bitnami\wordpress-6.0.1-0\apache2\htdocs\ecommerce\wp-includes\option.php(530): do_action()
#8 C:\Bitnami\wordpress-6.0.1-0\apache2\htdocs\ecommerce\wp-includes\class-wp-customize-setting.php(658): update_option()
#9 C:\Bitnami\wordpress-6.0.1-0\apache2\htdocs\ecommerce\wp-includes\class-wp-customize-setting.php(684): WP_Customize_Setting->set_root_value()
#10 C:\Bitnami\wordpress-6.0.1-0\apache2\htdocs\ecommerce\wp-includes\class-wp-customize-setting.php(540): WP_Customize_Setting->update()
#11 C:\Bitnami\wordpress-6.0.1-0\apache2\htdocs\ecommerce\wp-includes\class-wp-customize-manager.php(3571): WP_Customize_Setting->save()
#12 C:\Bitnami\wordpress-6.0.1-0\apache2\htdocs\ecommerce\wp-includes\theme.php(3555): WP_Customize_Manager->_publish_changeset_values()
#13 C:\Bitnami\wordpress-6.0.1-0\apache2\htdocs\ecommerce\wp-includes\class-wp-hook.php(307): _wp_customize_publish_changeset()
#14 C:\Bitnami\wordpress-6.0.1-0\apache2\htdocs\ecommerce\wp-includes\class-wp-hook.php(331): WP_Hook->apply_filters()
#15 C:\Bitnami\wordpress-6.0.1-0\apache2\htdocs\ecommerce\wp-includes\plugin.php(476): WP_Hook->do_action()
#16 C:\Bitnami\wordpress-6.0.1-0\apache2\htdocs\ecommerce\wp-includes\post.php(5303): do_action()
#17 C:\Bitnami\wordpress-6.0.1-0\apache2\htdocs\ecommerce\wp-includes\post.php(4563): wp_transition_post_status()
#18 C:\Bitnami\wordpress-6.0.1-0\apache2\htdocs\ecommerce\wp-includes\post.php(4775): wp_insert_post()
#19 C:\Bitnami\wordpress-6.0.1-0\apache2\htdocs\ecommerce\wp-includes\class-wp-customize-manager.php(2964): wp_update_post()
#20 C:\Bitnami\wordpress-6.0.1-0\apache2\htdocs\ecommerce\wp-includes\class-wp-customize-manager.php(2526): WP_Customize_Manager->save_changeset_post()
#21 C:\Bitnami\wordpress-6.0.1-0\apache2\htdocs\ecommerce\wp-includes\class-wp-hook.php(307): WP_Customize_Manager->save()
#22 C:\Bitnami\wordpress-6.0.1-0\apache2\htdocs\ecommerce\wp-includes\class-wp-hook.php(331): WP_Hook->apply_filters()
#23 C:\Bitnami\wordpress-6.0.1-0\apache2\htdocs\ecommerce\wp-includes\plugin.php(476): WP_Hook->do_action()
#24 C:\Bitnami\wordpress-6.0.1-0\apache2\htdocs\ecommerce\wp-admin\admin-ajax.php(187): do_action()
#25 {main}
  thrown in C:\Bitnami\wordpress-6.0.1-0\apache2\htdocs\ecommerce\wp-content\plugins\elementor\core\settings\page\manager.php on line 101

